<?xml version="1.0" encoding="UTF-8"?>
<!-- Generated by org.testng.reporters.JUnitXMLReporter -->
<testsuite ignored="0" hostname="DESKTOP-DUPFPD3" failures="0" tests="11" name="chromeTest" time="45.138" errors="0" timestamp="28 Nov 2022 14:13:18 GMT">
  <testcase classname="Testng12.CrossBrowserPractice" name="crossbrowser" time="8.1"/>
  <testcase classname="Testng12.TestngDemo" name="verifyTitle" time="0.018"/>
  <testcase classname="Testng12.TestngDemo" name="verifyElementDisplay" time="0.13"/>
  <testcase classname="Testng12.TestngDemo" name="verifyTextOnStartButton" time="0.061"/>
  <testcase classname="Testng12.TestngDemo" name="loginButtonClick" time="3.893"/>
  <testcase classname="Testng12.TestngDemo" name="passwardfield" time="0.072"/>
  <testcase classname="Testng12.TestngDemo" name="passwardfield" time="0.087"/>
  <testcase classname="Testng12.TestngDemo" name="passwardfield" time="0.065"/>
  <testcase classname="Testng12.TestngDemo" name="checkBoxSelect" time="0.251"/>
  <testcase classname="Testng12.TestngDemo" name="verifyToatalButton" time="5.269"/>
  <testcase classname="Testng12.TestngDemo" name="verifyFetureEle" time="21.836"/>
</testsuite> <!-- chromeTest -->
