<?xml version="1.0" encoding="UTF-8"?>
<!-- Generated by org.testng.reporters.JUnitXMLReporter -->
<testsuite ignored="0" hostname="DESKTOP-DUPFPD3" failures="0" tests="11" name="chromeTest" time="46.221" errors="0" timestamp="29 Nov 2022 08:16:41 GMT">
  <testcase classname="Testng12.CrossBrowserPractice" name="crossbrowser" time="9.23"/>
  <testcase classname="Testng12.TestngDemo" name="verifyTitle" time="0.146"/>
  <testcase classname="Testng12.TestngDemo" name="verifyElementDisplay" time="0.185"/>
  <testcase classname="Testng12.TestngDemo" name="verifyTextOnStartButton" time="0.108"/>
  <testcase classname="Testng12.TestngDemo" name="loginButtonClick" time="4.934"/>
  <testcase classname="Testng12.TestngDemo" name="passwardfield" time="0.078"/>
  <testcase classname="Testng12.TestngDemo" name="passwardfield" time="0.039"/>
  <testcase classname="Testng12.TestngDemo" name="passwardfield" time="0.039"/>
  <testcase classname="Testng12.TestngDemo" name="checkBoxSelect" time="0.216"/>
  <testcase classname="Testng12.TestngDemo" name="verifyToatalButton" time="5.074"/>
  <testcase classname="Testng12.TestngDemo" name="verifyFetureEle" time="21.591"/>
</testsuite> <!-- chromeTest -->
