<?xml version="1.0" encoding="UTF-8"?>
<!-- Generated by org.testng.reporters.JUnitXMLReporter -->
<testsuite ignored="0" hostname="DESKTOP-DUPFPD3" failures="0" tests="11" name="firefoxTest" time="58.991" errors="0" timestamp="29 Nov 2022 08:17:40 GMT">
  <testcase classname="Testng12.CrossBrowserPractice" name="crossbrowser" time="13.841"/>
  <testcase classname="Testng12.TestngDemo" name="verifyTitle" time="0.021"/>
  <testcase classname="Testng12.TestngDemo" name="verifyElementDisplay" time="0.406"/>
  <testcase classname="Testng12.TestngDemo" name="verifyTextOnStartButton" time="0.179"/>
  <testcase classname="Testng12.TestngDemo" name="loginButtonClick" time="7.119"/>
  <testcase classname="Testng12.TestngDemo" name="passwardfield" time="0.022"/>
  <testcase classname="Testng12.TestngDemo" name="passwardfield" time="0.019"/>
  <testcase classname="Testng12.TestngDemo" name="passwardfield" time="0.019"/>
  <testcase classname="Testng12.TestngDemo" name="checkBoxSelect" time="0.822"/>
  <testcase classname="Testng12.TestngDemo" name="verifyToatalButton" time="5.146"/>
  <testcase classname="Testng12.TestngDemo" name="verifyFetureEle" time="21.053"/>
</testsuite> <!-- firefoxTest -->
