<?xml version="1.0" encoding="UTF-8"?>
<testng-results ignored="0" total="22" passed="22" failed="0" skipped="0">
  <reporter-output>
  </reporter-output>
  <suite started-at="2022-11-29T08:15:55Z" name="Suite" finished-at="2022-11-29T08:17:40Z" duration-ms="105329">
    <groups>
      <group name="sanity">
        <method signature="TestngDemo.verifyToatalButton()[pri:7, instance:Testng12.TestngDemo@609db546]" name="verifyToatalButton" class="Testng12.TestngDemo"/>
        <method signature="TestngDemo.verifyToatalButton()[pri:7, instance:Testng12.TestngDemo@4ebff610]" name="verifyToatalButton" class="Testng12.TestngDemo"/>
      </group> <!-- sanity -->
    </groups>
    <test started-at="2022-11-29T08:15:55Z" name="chromeTest" finished-at="2022-11-29T08:16:41Z" duration-ms="46221">
      <class name="Testng12.TestngDemo">
        <test-method is-config="true" signature="openBrowser(java.lang.String)[pri:0, instance:Testng12.TestngDemo@609db546]" started-at="2022-11-29T08:16:04Z" name="openBrowser" finished-at="2022-11-29T08:16:08Z" duration-ms="4287" status="PASS">
          <params>
            <param index="0">
              <value>
                <![CDATA[chrome]]>
              </value>
            </param>
          </params>
          <reporter-output>
          </reporter-output>
        </test-method> <!-- openBrowser -->
        <test-method signature="verifyTitle()[pri:1, instance:Testng12.TestngDemo@609db546]" started-at="2022-11-29T08:16:08Z" name="verifyTitle" finished-at="2022-11-29T08:16:08Z" duration-ms="146" status="PASS">
          <reporter-output>
          </reporter-output>
        </test-method> <!-- verifyTitle -->
        <test-method signature="verifyElementDisplay()[pri:2, instance:Testng12.TestngDemo@609db546]" started-at="2022-11-29T08:16:08Z" name="verifyElementDisplay" finished-at="2022-11-29T08:16:09Z" duration-ms="185" status="PASS">
          <reporter-output>
          </reporter-output>
        </test-method> <!-- verifyElementDisplay -->
        <test-method signature="verifyTextOnStartButton()[pri:3, instance:Testng12.TestngDemo@609db546]" started-at="2022-11-29T08:16:09Z" name="verifyTextOnStartButton" finished-at="2022-11-29T08:16:09Z" duration-ms="108" status="PASS">
          <reporter-output>
          </reporter-output>
        </test-method> <!-- verifyTextOnStartButton -->
        <test-method signature="loginButtonClick()[pri:4, instance:Testng12.TestngDemo@609db546]" started-at="2022-11-29T08:16:09Z" name="loginButtonClick" finished-at="2022-11-29T08:16:14Z" duration-ms="4934" status="PASS">
          <reporter-output>
          </reporter-output>
        </test-method> <!-- loginButtonClick -->
        <test-method signature="passwardfield()[pri:5, instance:Testng12.TestngDemo@609db546]" started-at="2022-11-29T08:16:14Z" name="passwardfield" finished-at="2022-11-29T08:16:14Z" duration-ms="78" status="PASS">
          <reporter-output>
          </reporter-output>
        </test-method> <!-- passwardfield -->
        <test-method signature="passwardfield()[pri:5, instance:Testng12.TestngDemo@609db546]" started-at="2022-11-29T08:16:14Z" name="passwardfield" finished-at="2022-11-29T08:16:14Z" duration-ms="39" status="PASS">
          <reporter-output>
          </reporter-output>
        </test-method> <!-- passwardfield -->
        <test-method signature="passwardfield()[pri:5, instance:Testng12.TestngDemo@609db546]" started-at="2022-11-29T08:16:14Z" name="passwardfield" finished-at="2022-11-29T08:16:14Z" duration-ms="39" status="PASS">
          <reporter-output>
          </reporter-output>
        </test-method> <!-- passwardfield -->
        <test-method signature="checkBoxSelect()[pri:6, instance:Testng12.TestngDemo@609db546]" started-at="2022-11-29T08:16:14Z" name="checkBoxSelect" finished-at="2022-11-29T08:16:14Z" duration-ms="216" status="PASS">
          <reporter-output>
          </reporter-output>
        </test-method> <!-- checkBoxSelect -->
        <test-method signature="verifyToatalButton()[pri:7, instance:Testng12.TestngDemo@609db546]" started-at="2022-11-29T08:16:14Z" name="verifyToatalButton" description="Verify toatal button on the webpage" finished-at="2022-11-29T08:16:19Z" duration-ms="5074" status="PASS">
          <reporter-output>
          </reporter-output>
        </test-method> <!-- verifyToatalButton -->
        <test-method signature="verifyFetureEle()[pri:8, instance:Testng12.TestngDemo@609db546]" started-at="2022-11-29T08:16:19Z" name="verifyFetureEle" finished-at="2022-11-29T08:16:41Z" duration-ms="21591" status="PASS">
          <reporter-output>
          </reporter-output>
        </test-method> <!-- verifyFetureEle -->
        <test-method is-config="true" signature="closeBrowser()[pri:0, instance:Testng12.TestngDemo@609db546]" started-at="2022-11-29T08:16:41Z" name="closeBrowser" finished-at="2022-11-29T08:16:41Z" duration-ms="202" status="PASS">
          <reporter-output>
          </reporter-output>
        </test-method> <!-- closeBrowser -->
      </class> <!-- Testng12.TestngDemo -->
      <class name="Testng12.CrossBrowserPractice">
        <test-method signature="crossbrowser(java.lang.String)[pri:0, instance:Testng12.CrossBrowserPractice@5b67bb7e]" started-at="2022-11-29T08:15:55Z" name="crossbrowser" finished-at="2022-11-29T08:16:04Z" duration-ms="9230" status="PASS">
          <params>
            <param index="0">
              <value>
                <![CDATA[chrome]]>
              </value>
            </param>
          </params>
          <reporter-output>
          </reporter-output>
        </test-method> <!-- crossbrowser -->
      </class> <!-- Testng12.CrossBrowserPractice -->
    </test> <!-- chromeTest -->
    <test started-at="2022-11-29T08:16:41Z" name="firefoxTest" finished-at="2022-11-29T08:17:40Z" duration-ms="58991">
      <class name="Testng12.TestngDemo">
        <test-method is-config="true" signature="openBrowser(java.lang.String)[pri:0, instance:Testng12.TestngDemo@4ebff610]" started-at="2022-11-29T08:16:55Z" name="openBrowser" finished-at="2022-11-29T08:17:04Z" duration-ms="8722" status="PASS">
          <params>
            <param index="0">
              <value>
                <![CDATA[firefox]]>
              </value>
            </param>
          </params>
          <reporter-output>
          </reporter-output>
        </test-method> <!-- openBrowser -->
        <test-method signature="verifyTitle()[pri:1, instance:Testng12.TestngDemo@4ebff610]" started-at="2022-11-29T08:17:04Z" name="verifyTitle" finished-at="2022-11-29T08:17:04Z" duration-ms="21" status="PASS">
          <reporter-output>
          </reporter-output>
        </test-method> <!-- verifyTitle -->
        <test-method signature="verifyElementDisplay()[pri:2, instance:Testng12.TestngDemo@4ebff610]" started-at="2022-11-29T08:17:04Z" name="verifyElementDisplay" finished-at="2022-11-29T08:17:04Z" duration-ms="406" status="PASS">
          <reporter-output>
          </reporter-output>
        </test-method> <!-- verifyElementDisplay -->
        <test-method signature="verifyTextOnStartButton()[pri:3, instance:Testng12.TestngDemo@4ebff610]" started-at="2022-11-29T08:17:04Z" name="verifyTextOnStartButton" finished-at="2022-11-29T08:17:04Z" duration-ms="179" status="PASS">
          <reporter-output>
          </reporter-output>
        </test-method> <!-- verifyTextOnStartButton -->
        <test-method signature="loginButtonClick()[pri:4, instance:Testng12.TestngDemo@4ebff610]" started-at="2022-11-29T08:17:04Z" name="loginButtonClick" finished-at="2022-11-29T08:17:11Z" duration-ms="7119" status="PASS">
          <reporter-output>
          </reporter-output>
        </test-method> <!-- loginButtonClick -->
        <test-method signature="passwardfield()[pri:5, instance:Testng12.TestngDemo@4ebff610]" started-at="2022-11-29T08:17:11Z" name="passwardfield" finished-at="2022-11-29T08:17:11Z" duration-ms="22" status="PASS">
          <reporter-output>
          </reporter-output>
        </test-method> <!-- passwardfield -->
        <test-method signature="passwardfield()[pri:5, instance:Testng12.TestngDemo@4ebff610]" started-at="2022-11-29T08:17:11Z" name="passwardfield" finished-at="2022-11-29T08:17:11Z" duration-ms="19" status="PASS">
          <reporter-output>
          </reporter-output>
        </test-method> <!-- passwardfield -->
        <test-method signature="passwardfield()[pri:5, instance:Testng12.TestngDemo@4ebff610]" started-at="2022-11-29T08:17:11Z" name="passwardfield" finished-at="2022-11-29T08:17:11Z" duration-ms="19" status="PASS">
          <reporter-output>
          </reporter-output>
        </test-method> <!-- passwardfield -->
        <test-method signature="checkBoxSelect()[pri:6, instance:Testng12.TestngDemo@4ebff610]" started-at="2022-11-29T08:17:11Z" name="checkBoxSelect" finished-at="2022-11-29T08:17:12Z" duration-ms="822" status="PASS">
          <reporter-output>
          </reporter-output>
        </test-method> <!-- checkBoxSelect -->
        <test-method signature="verifyToatalButton()[pri:7, instance:Testng12.TestngDemo@4ebff610]" started-at="2022-11-29T08:17:12Z" name="verifyToatalButton" description="Verify toatal button on the webpage" finished-at="2022-11-29T08:17:17Z" duration-ms="5146" status="PASS">
          <reporter-output>
          </reporter-output>
        </test-method> <!-- verifyToatalButton -->
        <test-method signature="verifyFetureEle()[pri:8, instance:Testng12.TestngDemo@4ebff610]" started-at="2022-11-29T08:17:17Z" name="verifyFetureEle" finished-at="2022-11-29T08:17:38Z" duration-ms="21053" status="PASS">
          <reporter-output>
          </reporter-output>
        </test-method> <!-- verifyFetureEle -->
        <test-method is-config="true" signature="closeBrowser()[pri:0, instance:Testng12.TestngDemo@4ebff610]" started-at="2022-11-29T08:17:38Z" name="closeBrowser" finished-at="2022-11-29T08:17:40Z" duration-ms="1613" status="PASS">
          <reporter-output>
          </reporter-output>
        </test-method> <!-- closeBrowser -->
      </class> <!-- Testng12.TestngDemo -->
      <class name="Testng12.CrossBrowserPractice">
        <test-method signature="crossbrowser(java.lang.String)[pri:0, instance:Testng12.CrossBrowserPractice@4241e0f4]" started-at="2022-11-29T08:16:41Z" name="crossbrowser" finished-at="2022-11-29T08:16:55Z" duration-ms="13841" status="PASS">
          <params>
            <param index="0">
              <value>
                <![CDATA[firefox]]>
              </value>
            </param>
          </params>
          <reporter-output>
          </reporter-output>
        </test-method> <!-- crossbrowser -->
      </class> <!-- Testng12.CrossBrowserPractice -->
    </test> <!-- firefoxTest -->
  </suite> <!-- Suite -->
</testng-results>
