<?xml version="1.0" encoding="UTF-8"?>
<testsuite xmlns:xsi="http://www.w3.org/2001/XMLSchema-instance" xsi:noNamespaceSchemaLocation="https://maven.apache.org/surefire/maven-surefire-plugin/xsd/surefire-test-report-3.0.xsd" version="3.0" name="TestSuite" time="107.231" tests="22" errors="0" skipped="0" failures="0">
  <properties>
[...]
</properties>
  <testcase name="crossbrowser[chrome](1)" classname="Testng12.CrossBrowserPractice" time="9.311">
    <system-out><![CDATA[[TestNGContentHandler] [WARN] It is strongly recommended to add "<!DOCTYPE suite SYSTEM "http://testng.org/testng-1.0.dtd" >" at the top of your file, otherwise TestNG may fail or not work as expected.
chromedriver sucessfuly
Frames
]]></system-out>
    <system-err><![CDATA[Starting ChromeDriver 106.0.5249.61 (511755355844955cd3e264779baf0dd38212a4d0-refs/branch-heads/5249@{#569}) on port 48003
Only local connections are allowed.
Please see https://chromedriver.chromium.org/security-considerations for suggestions on keeping ChromeDriver safe.
ChromeDriver was started successfully.
[1669709759.152][WARNING]: This version of ChromeDriver has not been tested with Chrome version 107.
Nov 29, 2022 12:15:59 AM org.openqa.selenium.remote.ProtocolHandshake createSession
INFO: Detected dialect: W3C
]]></system-err>
  </testcase>
  <testcase name="crossbrowser[firefox](1)" classname="Testng12.CrossBrowserPractice" time="13.853">
    <system-out><![CDATA[firefoxdriver sucessfuly
Frames
]]></system-out>
    <system-err><![CDATA[1669709801797	geckodriver	INFO	Listening on 127.0.0.1:40091
1669709801957	mozrunner::runner	INFO	Running command: "C:\\Program Files (x86)\\Mozilla Firefox\\firefox.exe" "--marionette" "-no-remote" "-profile" "C:\\Users\\Asus\\AppData\\Local\\Temp\\rust_mozprofile0TsuUb"
1669709804010	Marionette	INFO	Marionette enabled
1669709804025	Marionette	INFO	Listening on port 64848
Read port: 64848
1669709804382	RemoteAgent	WARN	TLS certificate errors will be ignored for this session
console.warn: SearchSettings: "get: No settings file exists, new profile?" (new NotFoundError("Could not open the file at C:\\Users\\Asus\\AppData\\Local\\Temp\\rust_mozprofile0TsuUb\\search.json.mozlz4", (void 0)))
Nov 29, 2022 12:16:48 AM org.openqa.selenium.remote.ProtocolHandshake createSession
INFO: Detected dialect: W3C
JavaScript error: http://maxcdn.bootstrapcdn.com/bootstrap/3.3.6/js/bootstrap.min.js, line 6: Error: Bootstrap's JavaScript requires jQuery
JavaScript error: http://maxcdn.bootstrapcdn.com/bootstrap/3.3.6/js/bootstrap.min.js, line 6: Error: Bootstrap's JavaScript requires jQuery
JavaScript error: http://maxcdn.bootstrapcdn.com/bootstrap/3.3.6/js/bootstrap.min.js, line 6: Error: Bootstrap's JavaScript requires jQuery
1669709813631	Marionette	INFO	Stopped listening on port 64848
[Parent 6660, IPC I/O Parent] WARNING: file /builds/worker/checkouts/gecko/ipc/chromium/src/base/process_util_win.cc:167
[Parent 6660, IPC I/O Parent] WARNING: file /builds/worker/checkouts/gecko/ipc/chromium/src/base/process_util_win.cc:167
[Parent 6660, IPC I/O Parent] WARNING: file /builds/worker/checkouts/gecko/ipc/chromium/src/base/process_util_win.cc:167
]]></system-err>
  </testcase>
  <testcase name="verifyTitle" classname="Testng12.TestngDemo" time="0.117">
    <system-out><![CDATA[Free Time Tracking Software | Timesheets.com is for your Employees.
]]></system-out>
    <system-err><![CDATA[Starting ChromeDriver 106.0.5249.61 (511755355844955cd3e264779baf0dd38212a4d0-refs/branch-heads/5249@{#569}) on port 5060
Only local connections are allowed.
Please see https://chromedriver.chromium.org/security-considerations for suggestions on keeping ChromeDriver safe.
ChromeDriver was started successfully.
[1669709766.121][WARNING]: This version of ChromeDriver has not been tested with Chrome version 107.
Nov 29, 2022 12:16:06 AM org.openqa.selenium.remote.ProtocolHandshake createSession
INFO: Detected dialect: W3C
]]></system-err>
  </testcase>
  <testcase name="verifyTitle" classname="Testng12.TestngDemo" time="0">
    <system-out><![CDATA[Free Time Tracking Software | Timesheets.com is for your Employees.
]]></system-out>
    <system-err><![CDATA[1669709815564	geckodriver	INFO	Listening on 127.0.0.1:47485
1669709815602	mozrunner::runner	INFO	Running command: "C:\\Program Files (x86)\\Mozilla Firefox\\firefox.exe" "--marionette" "-no-remote" "-profile" "C:\\Users\\Asus\\AppData\\Local\\Temp\\rust_mozprofileUCH8gG"
1669709816682	Marionette	INFO	Marionette enabled
1669709816697	Marionette	INFO	Listening on port 65060
Read port: 65060
1669709817049	RemoteAgent	WARN	TLS certificate errors will be ignored for this session
console.warn: SearchSettings: "get: No settings file exists, new profile?" (new NotFoundError("Could not open the file at C:\\Users\\Asus\\AppData\\Local\\Temp\\rust_mozprofileUCH8gG\\search.json.mozlz4", (void 0)))
Nov 29, 2022 12:17:00 AM org.openqa.selenium.remote.ProtocolHandshake createSession
INFO: Detected dialect: W3C
]]></system-err>
  </testcase>
  <testcase name="verifyElementDisplay" classname="Testng12.TestngDemo" time="0.184"/>
  <testcase name="verifyElementDisplay" classname="Testng12.TestngDemo" time="0.409"/>
  <testcase name="verifyTextOnStartButton" classname="Testng12.TestngDemo" time="0.107"/>
  <testcase name="verifyTextOnStartButton" classname="Testng12.TestngDemo" time="0.176"/>
  <testcase name="loginButtonClick" classname="Testng12.TestngDemo" time="4.938"/>
  <testcase name="loginButtonClick" classname="Testng12.TestngDemo" time="7.12"/>
  <testcase name="passwardfield" classname="Testng12.TestngDemo" time="0.077"/>
  <testcase name="passwardfield" classname="Testng12.TestngDemo" time="0.043"/>
  <testcase name="passwardfield" classname="Testng12.TestngDemo" time="0.04"/>
  <testcase name="passwardfield" classname="Testng12.TestngDemo" time="0.022"/>
  <testcase name="passwardfield" classname="Testng12.TestngDemo" time="0.019"/>
  <testcase name="passwardfield" classname="Testng12.TestngDemo" time="0.019"/>
  <testcase name="checkBoxSelect" classname="Testng12.TestngDemo" time="0.216"/>
  <testcase name="checkBoxSelect" classname="Testng12.TestngDemo" time="0.823"/>
  <testcase name="verifyToatalButton" classname="Testng12.TestngDemo" time="5.064"/>
  <testcase name="verifyToatalButton" classname="Testng12.TestngDemo" time="5.145"/>
  <testcase name="verifyFetureEle" classname="Testng12.TestngDemo" time="21.591"/>
  <testcase name="verifyFetureEle" classname="Testng12.TestngDemo" time="21.053"/>
</testsuite>