<?xml version="1.0" encoding="UTF-8"?>
<testng-results ignored="0" total="22" passed="22" failed="0" skipped="0">
  <reporter-output>
  </reporter-output>
  <suite started-at="2022-11-28T14:12:33Z" name="Suite" finished-at="2022-11-28T14:14:28Z" duration-ms="114862">
    <groups>
      <group name="sanity">
        <method signature="TestngDemo.verifyToatalButton()[pri:7, instance:Testng12.TestngDemo@119cbf96]" name="verifyToatalButton" class="Testng12.TestngDemo"/>
        <method signature="TestngDemo.verifyToatalButton()[pri:7, instance:Testng12.TestngDemo@50de186c]" name="verifyToatalButton" class="Testng12.TestngDemo"/>
      </group> <!-- sanity -->
    </groups>
    <test started-at="2022-11-28T14:12:33Z" name="chromeTest" finished-at="2022-11-28T14:13:18Z" duration-ms="45138">
      <class name="Testng12.TestngDemo">
        <test-method is-config="true" signature="openBrowser(java.lang.String)[pri:0, instance:Testng12.TestngDemo@119cbf96]" started-at="2022-11-28T14:12:41Z" name="openBrowser" finished-at="2022-11-28T14:12:46Z" duration-ms="4831" status="PASS">
          <params>
            <param index="0">
              <value>
                <![CDATA[chrome]]>
              </value>
            </param>
          </params>
          <reporter-output>
          </reporter-output>
        </test-method> <!-- openBrowser -->
        <test-method signature="verifyTitle()[pri:1, instance:Testng12.TestngDemo@119cbf96]" started-at="2022-11-28T14:12:46Z" name="verifyTitle" finished-at="2022-11-28T14:12:46Z" duration-ms="18" status="PASS">
          <reporter-output>
          </reporter-output>
        </test-method> <!-- verifyTitle -->
        <test-method signature="verifyElementDisplay()[pri:2, instance:Testng12.TestngDemo@119cbf96]" started-at="2022-11-28T14:12:46Z" name="verifyElementDisplay" finished-at="2022-11-28T14:12:46Z" duration-ms="130" status="PASS">
          <reporter-output>
          </reporter-output>
        </test-method> <!-- verifyElementDisplay -->
        <test-method signature="verifyTextOnStartButton()[pri:3, instance:Testng12.TestngDemo@119cbf96]" started-at="2022-11-28T14:12:46Z" name="verifyTextOnStartButton" finished-at="2022-11-28T14:12:46Z" duration-ms="61" status="PASS">
          <reporter-output>
          </reporter-output>
        </test-method> <!-- verifyTextOnStartButton -->
        <test-method signature="loginButtonClick()[pri:4, instance:Testng12.TestngDemo@119cbf96]" started-at="2022-11-28T14:12:46Z" name="loginButtonClick" finished-at="2022-11-28T14:12:50Z" duration-ms="3893" status="PASS">
          <reporter-output>
          </reporter-output>
        </test-method> <!-- loginButtonClick -->
        <test-method signature="passwardfield()[pri:5, instance:Testng12.TestngDemo@119cbf96]" started-at="2022-11-28T14:12:50Z" name="passwardfield" finished-at="2022-11-28T14:12:50Z" duration-ms="72" status="PASS">
          <reporter-output>
          </reporter-output>
        </test-method> <!-- passwardfield -->
        <test-method signature="passwardfield()[pri:5, instance:Testng12.TestngDemo@119cbf96]" started-at="2022-11-28T14:12:50Z" name="passwardfield" finished-at="2022-11-28T14:12:50Z" duration-ms="87" status="PASS">
          <reporter-output>
          </reporter-output>
        </test-method> <!-- passwardfield -->
        <test-method signature="passwardfield()[pri:5, instance:Testng12.TestngDemo@119cbf96]" started-at="2022-11-28T14:12:50Z" name="passwardfield" finished-at="2022-11-28T14:12:50Z" duration-ms="65" status="PASS">
          <reporter-output>
          </reporter-output>
        </test-method> <!-- passwardfield -->
        <test-method signature="checkBoxSelect()[pri:6, instance:Testng12.TestngDemo@119cbf96]" started-at="2022-11-28T14:12:50Z" name="checkBoxSelect" finished-at="2022-11-28T14:12:51Z" duration-ms="251" status="PASS">
          <reporter-output>
          </reporter-output>
        </test-method> <!-- checkBoxSelect -->
        <test-method signature="verifyToatalButton()[pri:7, instance:Testng12.TestngDemo@119cbf96]" started-at="2022-11-28T14:12:51Z" name="verifyToatalButton" description="Verify toatal button on the webpage" finished-at="2022-11-28T14:12:56Z" duration-ms="5269" status="PASS">
          <reporter-output>
          </reporter-output>
        </test-method> <!-- verifyToatalButton -->
        <test-method signature="verifyFetureEle()[pri:8, instance:Testng12.TestngDemo@119cbf96]" started-at="2022-11-28T14:12:56Z" name="verifyFetureEle" finished-at="2022-11-28T14:13:18Z" duration-ms="21836" status="PASS">
          <reporter-output>
          </reporter-output>
        </test-method> <!-- verifyFetureEle -->
        <test-method is-config="true" signature="closeBrowser()[pri:0, instance:Testng12.TestngDemo@119cbf96]" started-at="2022-11-28T14:13:18Z" name="closeBrowser" finished-at="2022-11-28T14:13:18Z" duration-ms="410" status="PASS">
          <reporter-output>
          </reporter-output>
        </test-method> <!-- closeBrowser -->
      </class> <!-- Testng12.TestngDemo -->
      <class name="Testng12.CrossBrowserPractice">
        <test-method signature="crossbrowser(java.lang.String)[pri:0, instance:Testng12.CrossBrowserPractice@6f19ac19]" started-at="2022-11-28T14:12:33Z" name="crossbrowser" finished-at="2022-11-28T14:12:41Z" duration-ms="8100" status="PASS">
          <params>
            <param index="0">
              <value>
                <![CDATA[chrome]]>
              </value>
            </param>
          </params>
          <reporter-output>
          </reporter-output>
        </test-method> <!-- crossbrowser -->
      </class> <!-- Testng12.CrossBrowserPractice -->
    </test> <!-- chromeTest -->
    <test started-at="2022-11-28T14:13:18Z" name="firefoxTest" finished-at="2022-11-28T14:14:28Z" duration-ms="69599">
      <class name="Testng12.TestngDemo">
        <test-method is-config="true" signature="openBrowser(java.lang.String)[pri:0, instance:Testng12.TestngDemo@50de186c]" started-at="2022-11-28T14:13:37Z" name="openBrowser" finished-at="2022-11-28T14:13:50Z" duration-ms="13143" status="PASS">
          <params>
            <param index="0">
              <value>
                <![CDATA[firefox]]>
              </value>
            </param>
          </params>
          <reporter-output>
          </reporter-output>
        </test-method> <!-- openBrowser -->
        <test-method signature="verifyTitle()[pri:1, instance:Testng12.TestngDemo@50de186c]" started-at="2022-11-28T14:13:50Z" name="verifyTitle" finished-at="2022-11-28T14:13:50Z" duration-ms="38" status="PASS">
          <reporter-output>
          </reporter-output>
        </test-method> <!-- verifyTitle -->
        <test-method signature="verifyElementDisplay()[pri:2, instance:Testng12.TestngDemo@50de186c]" started-at="2022-11-28T14:13:50Z" name="verifyElementDisplay" finished-at="2022-11-28T14:13:50Z" duration-ms="355" status="PASS">
          <reporter-output>
          </reporter-output>
        </test-method> <!-- verifyElementDisplay -->
        <test-method signature="verifyTextOnStartButton()[pri:3, instance:Testng12.TestngDemo@50de186c]" started-at="2022-11-28T14:13:50Z" name="verifyTextOnStartButton" finished-at="2022-11-28T14:13:51Z" duration-ms="184" status="PASS">
          <reporter-output>
          </reporter-output>
        </test-method> <!-- verifyTextOnStartButton -->
        <test-method signature="loginButtonClick()[pri:4, instance:Testng12.TestngDemo@50de186c]" started-at="2022-11-28T14:13:51Z" name="loginButtonClick" finished-at="2022-11-28T14:13:57Z" duration-ms="6684" status="PASS">
          <reporter-output>
          </reporter-output>
        </test-method> <!-- loginButtonClick -->
        <test-method signature="passwardfield()[pri:5, instance:Testng12.TestngDemo@50de186c]" started-at="2022-11-28T14:13:57Z" name="passwardfield" finished-at="2022-11-28T14:13:57Z" duration-ms="39" status="PASS">
          <reporter-output>
          </reporter-output>
        </test-method> <!-- passwardfield -->
        <test-method signature="passwardfield()[pri:5, instance:Testng12.TestngDemo@50de186c]" started-at="2022-11-28T14:13:57Z" name="passwardfield" finished-at="2022-11-28T14:13:57Z" duration-ms="27" status="PASS">
          <reporter-output>
          </reporter-output>
        </test-method> <!-- passwardfield -->
        <test-method signature="passwardfield()[pri:5, instance:Testng12.TestngDemo@50de186c]" started-at="2022-11-28T14:13:57Z" name="passwardfield" finished-at="2022-11-28T14:13:57Z" duration-ms="27" status="PASS">
          <reporter-output>
          </reporter-output>
        </test-method> <!-- passwardfield -->
        <test-method signature="checkBoxSelect()[pri:6, instance:Testng12.TestngDemo@50de186c]" started-at="2022-11-28T14:13:57Z" name="checkBoxSelect" finished-at="2022-11-28T14:13:58Z" duration-ms="765" status="PASS">
          <reporter-output>
          </reporter-output>
        </test-method> <!-- checkBoxSelect -->
        <test-method signature="verifyToatalButton()[pri:7, instance:Testng12.TestngDemo@50de186c]" started-at="2022-11-28T14:13:58Z" name="verifyToatalButton" description="Verify toatal button on the webpage" finished-at="2022-11-28T14:14:03Z" duration-ms="5176" status="PASS">
          <reporter-output>
          </reporter-output>
        </test-method> <!-- verifyToatalButton -->
        <test-method signature="verifyFetureEle()[pri:8, instance:Testng12.TestngDemo@50de186c]" started-at="2022-11-28T14:14:03Z" name="verifyFetureEle" finished-at="2022-11-28T14:14:26Z" duration-ms="22617" status="PASS">
          <reporter-output>
          </reporter-output>
        </test-method> <!-- verifyFetureEle -->
        <test-method is-config="true" signature="closeBrowser()[pri:0, instance:Testng12.TestngDemo@50de186c]" started-at="2022-11-28T14:14:26Z" name="closeBrowser" finished-at="2022-11-28T14:14:28Z" duration-ms="1978" status="PASS">
          <reporter-output>
          </reporter-output>
        </test-method> <!-- closeBrowser -->
      </class> <!-- Testng12.TestngDemo -->
      <class name="Testng12.CrossBrowserPractice">
        <test-method signature="crossbrowser(java.lang.String)[pri:0, instance:Testng12.CrossBrowserPractice@345f69f3]" started-at="2022-11-28T14:13:18Z" name="crossbrowser" finished-at="2022-11-28T14:13:37Z" duration-ms="18538" status="PASS">
          <params>
            <param index="0">
              <value>
                <![CDATA[firefox]]>
              </value>
            </param>
          </params>
          <reporter-output>
          </reporter-output>
        </test-method> <!-- crossbrowser -->
      </class> <!-- Testng12.CrossBrowserPractice -->
    </test> <!-- firefoxTest -->
  </suite> <!-- Suite -->
</testng-results>
